<?xml version="1.0" encoding="UTF-8"?>
<!-- Generated by org.testng.reporters.JUnitReportReporter -->
<testsuite hostname="DESKTOP-IUCOGPK" failures="0" tests="1" name="test_Scripts.FlipSc2" time="76.313" errors="0" timestamp="2022-11-30T22:30:20 IST" skipped="0">
  <testcase classname="test_Scripts.FlipSc2" name="Flip" time="76.313"/>
  <system-out/>
</testsuite> <!-- test_Scripts.FlipSc2 -->
